<?xml version="1.0" encoding="UTF-8"?>
<testng-results skipped="0" failed="0" ignored="0" total="1" passed="1">
  <reporter-output>
  </reporter-output>
  <suite name="Default suite" duration-ms="98256" started-at="2020-05-08T07:39:49Z" finished-at="2020-05-08T07:41:28Z">
    <groups>
    </groups>
    <test name="Default test" duration-ms="98256" started-at="2020-05-08T07:39:49Z" finished-at="2020-05-08T07:41:28Z">
      <class name="com.Test.HappyFlow.TestLoginPage">
        <test-method status="PASS" signature="startTest()[pri:0, instance:com.Test.HappyFlow.TestLoginPage@16aa0a0a]" name="startTest" is-config="true" duration-ms="23" started-at="2020-05-08T07:39:49Z" finished-at="2020-05-08T07:39:49Z">
          <reporter-output>
          </reporter-output>
        </test-method> <!-- startTest -->
        <test-method status="PASS" signature="setUp()[pri:0, instance:com.Test.HappyFlow.TestLoginPage@16aa0a0a]" name="setUp" is-config="true" duration-ms="80631" started-at="2020-05-08T07:39:49Z" finished-at="2020-05-08T07:41:10Z">
          <reporter-output>
          </reporter-output>
        </test-method> <!-- setUp -->
        <test-method status="PASS" signature="TestUserLogin(java.util.LinkedHashMap)[pri:0, instance:com.Test.HappyFlow.TestLoginPage@16aa0a0a]" name="TestUserLogin" duration-ms="14616" started-at="2020-05-08T07:41:11Z" data-provider="TestDataProvider" finished-at="2020-05-08T07:41:26Z">
          <params>
            <param index="0">
              <value>
                <![CDATA[{S.no=2.0, TestCase=TestUserLogin, Execution Status=Yes, UserName=automationtest11@gmail.com, Password=Password@123, Name=ram, Degree=be, Year=2017.0}]]>
              </value>
            </param>
          </params>
          <reporter-output>
          </reporter-output>
        </test-method> <!-- TestUserLogin -->
        <test-method status="PASS" signature="endTest()[pri:0, instance:com.Test.HappyFlow.TestLoginPage@16aa0a0a]" name="endTest" is-config="true" duration-ms="2" started-at="2020-05-08T07:41:26Z" finished-at="2020-05-08T07:41:26Z">
          <reporter-output>
          </reporter-output>
        </test-method> <!-- endTest -->
        <test-method status="PASS" signature="cleanUp()[pri:0, instance:com.Test.HappyFlow.TestLoginPage@16aa0a0a]" name="cleanUp" is-config="true" duration-ms="1564" started-at="2020-05-08T07:41:26Z" finished-at="2020-05-08T07:41:28Z">
          <reporter-output>
          </reporter-output>
        </test-method> <!-- cleanUp -->
      </class> <!-- com.Test.HappyFlow.TestLoginPage -->
    </test> <!-- Default test -->
  </suite> <!-- Default suite -->
</testng-results>
